0 info it worked if it ends with ok
1 verbose cli [ '/usr/local/bin/node',
1 verbose cli   '/usr/local/bin/npm',
1 verbose cli   'install',
1 verbose cli   'body-pasre',
1 verbose cli   '--save' ]
2 info using npm@1.4.28
3 info using node@v0.10.32
4 warn package.json resume@0.0.1 No README data
5 verbose readDependencies using package.json deps
6 verbose cache add [ 'body-pasre', null ]
7 verbose cache add name=undefined spec="body-pasre" args=["body-pasre",null]
8 verbose parsed url { protocol: null,
8 verbose parsed url   slashes: null,
8 verbose parsed url   auth: null,
8 verbose parsed url   host: null,
8 verbose parsed url   port: null,
8 verbose parsed url   hostname: null,
8 verbose parsed url   hash: null,
8 verbose parsed url   search: null,
8 verbose parsed url   query: null,
8 verbose parsed url   pathname: 'body-pasre',
8 verbose parsed url   path: 'body-pasre',
8 verbose parsed url   href: 'body-pasre' }
9 silly lockFile 60b8002a-body-pasre body-pasre
10 verbose lock body-pasre /Users/seanduncan/.npm/60b8002a-body-pasre.lock
11 silly lockFile 60b8002a-body-pasre body-pasre
12 silly lockFile 60b8002a-body-pasre body-pasre
13 verbose addNamed [ 'body-pasre', '' ]
14 verbose addNamed [ null, '*' ]
15 silly lockFile fd083ec4-body-pasre body-pasre@
16 verbose lock body-pasre@ /Users/seanduncan/.npm/fd083ec4-body-pasre.lock
17 silly addNameRange { name: 'body-pasre', range: '*', hasData: false }
18 verbose request where is /body-pasre
19 verbose request registry https://registry.npmjs.org/
20 verbose request id 72174790401fbfee
21 verbose url raw /body-pasre
22 verbose url resolving [ 'https://registry.npmjs.org/', './body-pasre' ]
23 verbose url resolved https://registry.npmjs.org/body-pasre
24 verbose request where is https://registry.npmjs.org/body-pasre
25 info trying registry request attempt 1 at 15:17:59
26 http GET https://registry.npmjs.org/body-pasre
27 http 404 https://registry.npmjs.org/body-pasre
28 verbose headers { date: 'Sat, 01 Nov 2014 21:18:00 GMT',
28 verbose headers   server: 'CouchDB/1.5.0 (Erlang OTP/R16B03)',
28 verbose headers   'content-type': 'application/json',
28 verbose headers   'cache-control': 'max-age=0',
28 verbose headers   'content-length': '52',
28 verbose headers   'accept-ranges': 'bytes',
28 verbose headers   via: '1.1 varnish',
28 verbose headers   age: '0',
28 verbose headers   'x-served-by': 'cache-dfw1824-DFW',
28 verbose headers   'x-cache': 'MISS',
28 verbose headers   'x-cache-hits': '0',
28 verbose headers   'x-timer': 'S1414876680.273667,VS0,VE45',
28 verbose headers   'keep-alive': 'timeout=10, max=50',
28 verbose headers   connection: 'Keep-Alive' }
29 silly registry.get cb [ 404,
29 silly registry.get   { date: 'Sat, 01 Nov 2014 21:18:00 GMT',
29 silly registry.get     server: 'CouchDB/1.5.0 (Erlang OTP/R16B03)',
29 silly registry.get     'content-type': 'application/json',
29 silly registry.get     'cache-control': 'max-age=0',
29 silly registry.get     'content-length': '52',
29 silly registry.get     'accept-ranges': 'bytes',
29 silly registry.get     via: '1.1 varnish',
29 silly registry.get     age: '0',
29 silly registry.get     'x-served-by': 'cache-dfw1824-DFW',
29 silly registry.get     'x-cache': 'MISS',
29 silly registry.get     'x-cache-hits': '0',
29 silly registry.get     'x-timer': 'S1414876680.273667,VS0,VE45',
29 silly registry.get     'keep-alive': 'timeout=10, max=50',
29 silly registry.get     connection: 'Keep-Alive' } ]
30 silly lockFile fd083ec4-body-pasre body-pasre@
31 silly lockFile fd083ec4-body-pasre body-pasre@
32 error 404 404 Not Found: body-pasre
32 error 404
32 error 404 'body-pasre' is not in the npm registry.
32 error 404 You should bug the author to publish it
32 error 404 It was specified as a dependency of 'resume'
32 error 404
32 error 404 Note that you can also install from a
32 error 404 tarball, folder, or http url, or git url.
33 error System Darwin 11.4.2
34 error command "/usr/local/bin/node" "/usr/local/bin/npm" "install" "body-pasre" "--save"
35 error cwd /Users/seanduncan/projects/resume
36 error node -v v0.10.32
37 error npm -v 1.4.28
38 error code E404
39 verbose exit [ 1, true ]
